

Started GET "/" for 127.0.0.1 at 2014-06-15 11:50:59 -0700
Processing by Rails::WelcomeController#index as HTML
  Rendered c:/Ruby200/lib/ruby/gems/2.0.0/gems/railties-4.1.1/lib/rails/templates/rails/welcome/index.html.erb (10.0ms)
Completed 200 OK in 183ms (Views: 133.0ms | ActiveRecord: 0.0ms)
  [1m[36m (11.0ms)[0m  [1mCREATE TABLE "schema_migrations" ("version" varchar(255) NOT NULL) [0m
  [1m[35m (0.0ms)[0m  select sqlite_version(*)
  [1m[36m (12.0ms)[0m  [1mCREATE UNIQUE INDEX "unique_schema_migrations" ON "schema_migrations" ("version")[0m
  [1m[35mActiveRecord::SchemaMigration Load (1.0ms)[0m  SELECT "schema_migrations".* FROM "schema_migrations"
Migrating to CreateStatuses (20140615185312)
  [1m[36m (0.0ms)[0m  [1mbegin transaction[0m
  [1m[35m (2.0ms)[0m  CREATE TABLE "statuses" ("id" INTEGER PRIMARY KEY AUTOINCREMENT NOT NULL, "name" varchar(255), "content" text, "created_at" datetime, "updated_at" datetime) 
  [1m[36mSQL (1.0ms)[0m  [1mINSERT INTO "schema_migrations" ("version") VALUES (?)[0m  [["version", "20140615185312"]]
  [1m[35m (9.0ms)[0m  commit transaction
  [1m[36mActiveRecord::SchemaMigration Load (1.0ms)[0m  [1mSELECT "schema_migrations".* FROM "schema_migrations"[0m


Started GET "/" for 127.0.0.1 at 2014-06-15 12:10:29 -0700
  [1m[36mActiveRecord::SchemaMigration Load (1.0ms)[0m  [1mSELECT "schema_migrations".* FROM "schema_migrations"[0m
Processing by Rails::WelcomeController#index as HTML
  Rendered c:/Ruby200/lib/ruby/gems/2.0.0/gems/railties-4.1.1/lib/rails/templates/rails/welcome/index.html.erb (9.0ms)
Completed 200 OK in 92ms (Views: 43.0ms | ActiveRecord: 0.0ms)


Started GET "/statuses/" for 127.0.0.1 at 2014-06-15 12:11:25 -0700
Processing by StatusesController#index as HTML
  [1m[35mStatus Load (0.0ms)[0m  SELECT "statuses".* FROM "statuses"
  Rendered statuses/index.html.erb within layouts/application (8.0ms)
Completed 200 OK in 2183ms (Views: 2175.1ms | ActiveRecord: 0.0ms)


Started GET "/assets/statuses.css?body=1" for 127.0.0.1 at 2014-06-15 12:11:27 -0700


Started GET "/assets/scaffolds.css?body=1" for 127.0.0.1 at 2014-06-15 12:11:27 -0700


Started GET "/assets/application.css?body=1" for 127.0.0.1 at 2014-06-15 12:11:27 -0700


Started GET "/assets/jquery.js?body=1" for 127.0.0.1 at 2014-06-15 12:11:27 -0700


Started GET "/assets/jquery_ujs.js?body=1" for 127.0.0.1 at 2014-06-15 12:11:27 -0700


Started GET "/assets/turbolinks.js?body=1" for 127.0.0.1 at 2014-06-15 12:11:27 -0700


Started GET "/assets/statuses.js?body=1" for 127.0.0.1 at 2014-06-15 12:11:27 -0700


Started GET "/assets/application.js?body=1" for 127.0.0.1 at 2014-06-15 12:11:27 -0700


Started GET "/statuses/new" for 127.0.0.1 at 2014-06-15 12:11:37 -0700
Processing by StatusesController#new as HTML
  Rendered statuses/_form.html.erb (128.0ms)
  Rendered statuses/new.html.erb within layouts/application (146.0ms)
Completed 200 OK in 176ms (Views: 169.0ms | ActiveRecord: 2.0ms)


Started GET "/statuses" for 127.0.0.1 at 2014-06-15 12:11:42 -0700
Processing by StatusesController#index as HTML
  [1m[36mStatus Load (1.0ms)[0m  [1mSELECT "statuses".* FROM "statuses"[0m
  Rendered statuses/index.html.erb within layouts/application (5.0ms)
Completed 200 OK in 36ms (Views: 33.0ms | ActiveRecord: 1.0ms)
